<?xml version="1.0" encoding="UTF-8"?>
<!-- Generated by org.testng.reporters.JUnitXMLReporter -->
<testsuite hostname="hades.saotome.dcc.ufmg.br" name="Default test" tests="6" failures="0" timestamp="6 May 2014 15:00:29 GMT" time="0.046" errors="0">
  <testcase name="@BeforeSuite startSelenium" time="0.0" classname="br.ufmg.dcc.saotome.beholder.selenium.SeleniumController">
    <failure type="org.testng.TestNGException" message="
Parameter &amp;apos;parameters&amp;apos; is required by @Configuration on method startSelenium but has not been marked @Optional or defined
in /tmp/testng-eclipse-1837951199/testng-customsuite.xml">
      <![CDATA[org.testng.TestNGException: 
Parameter 'parameters' is required by @Configuration on method startSelenium but has not been marked @Optional or defined
in /tmp/testng-eclipse-1837951199/testng-customsuite.xml
	at org.testng.internal.Parameters.createParameters(Parameters.java:155)
	at org.testng.internal.Parameters.createParameters(Parameters.java:358)
	at org.testng.internal.Parameters.createConfigurationParameters(Parameters.java:86)
	at org.testng.internal.Invoker.invokeConfigurations(Invoker.java:199)
	at org.testng.internal.Invoker.invokeConfigurations(Invoker.java:138)
	at org.testng.SuiteRunner.privateRun(SuiteRunner.java:277)
	at org.testng.SuiteRunner.run(SuiteRunner.java:240)
	at org.testng.SuiteRunnerWorker.runSuite(SuiteRunnerWorker.java:52)
	at org.testng.SuiteRunnerWorker.run(SuiteRunnerWorker.java:86)
	at org.testng.TestNG.runSuitesSequentially(TestNG.java:1224)
	at org.testng.TestNG.runSuitesLocally(TestNG.java:1149)
	at org.testng.TestNG.run(TestNG.java:1057)
	at org.testng.remote.RemoteTestNG.run(RemoteTestNG.java:111)
	at org.testng.remote.RemoteTestNG.initAndRun(RemoteTestNG.java:204)
	at org.testng.remote.RemoteTestNG.main(RemoteTestNG.java:175)
]]>
    </failure>
  </testcase> <!-- @BeforeSuite startSelenium -->
  <testcase name="@BeforeTest setUp" time="0.0" classname="br.ufmg.dcc.saotome.beholder.selenium.BasicTests">
    <skipped/>
  </testcase> <!-- @BeforeTest setUp -->
  <testcase name="verifyAlerts" time="0.013" classname="br.ufmg.dcc.saotome.beholder.selenium.BasicTests">
    <skipped/>
  </testcase> <!-- verifyAlerts -->
  <testcase name="verifyCellClick" time="0.001" classname="br.ufmg.dcc.saotome.beholder.selenium.BasicTests">
    <skipped/>
  </testcase> <!-- verifyCellClick -->
  <testcase name="verifyDisplayableModal" time="0.007" classname="br.ufmg.dcc.saotome.beholder.selenium.BasicTests">
    <skipped/>
  </testcase> <!-- verifyDisplayableModal -->
  <testcase name="verifyScreenshot" time="0.0" classname="br.ufmg.dcc.saotome.beholder.selenium.BasicTests">
    <skipped/>
  </testcase> <!-- verifyScreenshot -->
  <testcase name="verifyTableByColumn" time="0.0" classname="br.ufmg.dcc.saotome.beholder.selenium.BasicTests">
    <skipped/>
  </testcase> <!-- verifyTableByColumn -->
  <testcase name="verifyTableByLine" time="0.001" classname="br.ufmg.dcc.saotome.beholder.selenium.BasicTests">
    <skipped/>
  </testcase> <!-- verifyTableByLine -->
</testsuite> <!-- Default test -->
